<?xml version="1.0" encoding="UTF-8"?>
<testsuites name="Day2TS" time="25" tests="2" failures="0" errors="0">
   <testsuite name="Day2TS" tests="2" failures="0" errors="0" time="25" timestamp="2019-02-13 11:45:35" hostname="prajna.peters - ITLAPTOP569.rlcarriers.com" id="Test Suites/Day2TS">
      <properties>
         <property name="deviceName" value=""/>
         <property name="devicePlatform" value=""/>
         <property name="logFolder" value="C:\\Users\\prajna.peters\\Katalon Studio\\DemoProject\\Reports\\Day2TS\\20190213_114453"/>
         <property name="logFiles" value="C:\\Users\\prajna.peters\\Katalon Studio\\DemoProject\\Reports\\Day2TS\\20190213_114453\\execution0.log"/>
         <property name="attachments" value=""/>
         <property name="hostName" value="prajna.peters - ITLAPTOP569.rlcarriers.com"/>
         <property name="os" value="Windows 10 64bit"/>
         <property name="katalonVersion" value="5.10.1.1"/>
         <property name="browser" value="Firefox 65.0"/>
         <property name="hostAddress" value="172.25.139.12"/>
         <property name="sessionId" value="6104271a-273f-490c-839e-5e0c7d778057"/>
         <property name="seleniumVersion" value="3.7.1"/>
         <property name="proxyInformation" value="ProxyInformation{proxyOption=USE_SYSTEM, proxyServerType=HTTP, password=, proxyServerAddress=, proxyServerPort=0}"/>
         <property name="platform" value="Windows 10"/>
      </properties>
      <testcase name="Test Cases/Day1/Test1" classname="Test Cases/Day1/Test1" status="PASSED">
         <system-out><![CDATA[2019-02-13 11:45:35 - [TEST_CASE][PASSED] - Test Cases/Day1/Test1: Test Cases/Day1/Test1

2019-02-13 11:45:36 - [TEST_STEP][PASSED] - openBrowser(""): Browser is opened with url: ''

2019-02-13 11:45:36 - [MESSAGE][INFO] - Starting 'Firefox' driver

2019-02-13 11:45:36 - [MESSAGE][INFO] - Action delay is set to 0 seconds

2019-02-13 11:45:40 - [MESSAGE][PASSED] - Browser is opened with url: ''

2019-02-13 11:45:40 - [TEST_STEP][PASSED] - navigateToUrl("https://katalon-demo-cura.herokuapp.com/"): Navigate to 'https://katalon-demo-cura.herokuapp.com/' successfully

2019-02-13 11:45:41 - [MESSAGE][PASSED] - Navigate to 'https://katalon-demo-cura.herokuapp.com/' successfully

2019-02-13 11:45:41 - [TEST_STEP][PASSED] - click(findTestObject("Object Repository/Page_CURA Healthcare Service/a_Make Appointment")): Object: 'Object Repository/Page_CURA Healthcare Service/a_Make Appointment' is clicked on

2019-02-13 11:45:42 - [MESSAGE][PASSED] - Object: 'Object Repository/Page_CURA Healthcare Service/a_Make Appointment' is clicked on

2019-02-13 11:45:42 - [TEST_STEP][PASSED] - setText(findTestObject("Object Repository/Page_CURA Healthcare Service/input_Username_username"), "John Doe"): Text 'John Doe' is set on object 'Object Repository/Page_CURA Healthcare Service/input_Username_username'

2019-02-13 11:45:42 - [MESSAGE][PASSED] - Text 'John Doe' is set on object 'Object Repository/Page_CURA Healthcare Service/input_Username_username'

2019-02-13 11:45:42 - [TEST_STEP][PASSED] - setEncryptedText(findTestObject("Object Repository/Page_CURA Healthcare Service/input_Password_password"), "g3/DOGG74jC3Flrr3yH+3D/yKbOqqUNM"): Text ****** has been set on object 'Object Repository/Page_CURA Healthcare Service/input_Password_password'

2019-02-13 11:45:42 - [MESSAGE][PASSED] - Text ****** has been set on object 'Object Repository/Page_CURA Healthcare Service/input_Password_password'

2019-02-13 11:45:42 - [TEST_STEP][PASSED] - click(findTestObject("Object Repository/Page_CURA Healthcare Service/button_Login")): Object: 'Object Repository/Page_CURA Healthcare Service/button_Login' is clicked on

2019-02-13 11:45:42 - [MESSAGE][PASSED] - Object: 'Object Repository/Page_CURA Healthcare Service/button_Login' is clicked on

2019-02-13 11:45:42 - [TEST_STEP][PASSED] - click(findTestObject("Object Repository/Page_CURA Healthcare Service/div_Visit Date (Required)_inpu")): Object: 'Object Repository/Page_CURA Healthcare Service/div_Visit Date (Required)_inpu' is clicked on

2019-02-13 11:45:42 - [MESSAGE][PASSED] - Object: 'Object Repository/Page_CURA Healthcare Service/div_Visit Date (Required)_inpu' is clicked on

2019-02-13 11:45:42 - [TEST_STEP][PASSED] - click(findTestObject("Object Repository/Page_CURA Healthcare Service/td_28")): Object: 'Object Repository/Page_CURA Healthcare Service/td_28' is clicked on

2019-02-13 11:45:43 - [MESSAGE][PASSED] - Object: 'Object Repository/Page_CURA Healthcare Service/td_28' is clicked on

2019-02-13 11:45:43 - [TEST_STEP][PASSED] - setText(findTestObject("Object Repository/Page_CURA Healthcare Service/textarea_Comment_comment"), "Test"): Text 'Test' is set on object 'Object Repository/Page_CURA Healthcare Service/textarea_Comment_comment'

2019-02-13 11:45:43 - [MESSAGE][PASSED] - Text 'Test' is set on object 'Object Repository/Page_CURA Healthcare Service/textarea_Comment_comment'

2019-02-13 11:45:43 - [TEST_STEP][PASSED] - click(findTestObject("Object Repository/Page_CURA Healthcare Service/button_Book Appointment")): Object: 'Object Repository/Page_CURA Healthcare Service/button_Book Appointment' is clicked on

2019-02-13 11:45:43 - [MESSAGE][PASSED] - Object: 'Object Repository/Page_CURA Healthcare Service/button_Book Appointment' is clicked on

2019-02-13 11:45:43 - [TEST_STEP][PASSED] - closeBrowser(): Browser is closed

2019-02-13 11:45:51 - [MESSAGE][PASSED] - Browser is closed]]></system-out>
         <system-err><![CDATA[]]></system-err>
      </testcase>
      <testcase name="Test Cases/Day1/Test2" classname="Test Cases/Day1/Test2" status="PASSED">
         <system-out><![CDATA[2019-02-13 11:45:51 - [TEST_CASE][PASSED] - Test Cases/Day1/Test2: Test Cases/Day1/Test2

2019-02-13 11:45:51 - [TEST_STEP][PASSED] - openBrowser(""): Browser is opened with url: ''

2019-02-13 11:45:51 - [MESSAGE][INFO] - Starting 'Firefox' driver

2019-02-13 11:45:54 - [MESSAGE][PASSED] - Browser is opened with url: ''

2019-02-13 11:45:54 - [TEST_STEP][PASSED] - navigateToUrl("http://lifecharger.org/"): Navigate to 'http://lifecharger.org/' successfully

2019-02-13 11:45:58 - [MESSAGE][PASSED] - Navigate to 'http://lifecharger.org/' successfully

2019-02-13 11:45:58 - [TEST_STEP][PASSED] - click(findTestObject("Page_Life Charger   a new beginning/a_Break It Win It")): Object: 'Object Repository/Page_Life Charger   a new beginning/a_Break It Win It' is clicked on

2019-02-13 11:46:00 - [MESSAGE][PASSED] - Object: 'Object Repository/Page_Life Charger   a new beginning/a_Break It Win It' is clicked on

2019-02-13 11:46:00 - [TEST_STEP][PASSED] - setText(findTestObject("Page_Life Charger   a new beginning/input_Search for_s"), "life"): Text 'life' is set on object 'Object Repository/Page_Life Charger   a new beginning/input_Search for_s'

2019-02-13 11:46:00 - [MESSAGE][PASSED] - Text 'life' is set on object 'Object Repository/Page_Life Charger   a new beginning/input_Search for_s'

2019-02-13 11:46:00 - [TEST_STEP][PASSED] - closeBrowser(): Browser is closed

2019-02-13 11:46:01 - [MESSAGE][PASSED] - Browser is closed]]></system-out>
         <system-err><![CDATA[]]></system-err>
      </testcase>
      <system-out><![CDATA[2019-02-13 11:45:35 - [TEST_SUITE][PASSED] - Day2TS: Test Cases/Day1/Test2]]></system-out>
      <system-err><![CDATA[]]></system-err>
   </testsuite>
</testsuites>
